2021-05-05 08:42:48 INFO  ShopFront:104 - New customer Test was added.
2021-05-05 08:43:14 INFO  ShopFront:104 - New customer Other was added.
2021-05-05 08:43:36 INFO  ShopFront:140 - Customer Test has signed in.
2021-05-05 08:43:57 INFO  ShopFront:403 - An offer for item 1 was made by user by id 1
2021-05-05 08:44:59 INFO  ShopFront:310 - Customer Test has logged out.
2021-05-05 08:45:10 INFO  ShopFront:140 - Customer Other has signed in.
2021-05-05 08:45:52 INFO  ShopFront:403 - An offer for item 1 was made by user by id 2
2021-05-05 08:48:08 INFO  ShopFront:310 - Customer Other has logged out.
2021-05-05 08:48:39 INFO  ShopFront:188 - Employee Kemo has signed in.
2021-05-05 08:49:07 INFO  ShopFront:716 - Kemo added a new item: Flametongue to the database.
2021-05-05 08:49:58 INFO  ShopFront:716 - Kemo added a new item: Thunderbrand to the database.
2021-05-05 08:52:46 INFO  ShopFront:652 - Employee Kemo has logged out.
2021-05-05 08:52:57 INFO  ShopFront:236 - Manager Kevin has signed in.
2021-05-05 08:54:07 INFO  ShopFront:1062 - Manager Kevin hired new employee Kevin2
2021-05-05 08:55:06 INFO  ShopFront:1023 - Manager Kevin has logged out.
2021-05-05 08:55:15 INFO  ShopFront:140 - Customer Test has signed in.
2021-05-05 08:55:34 INFO  ShopFront:310 - Customer Test has logged out.
2021-05-05 08:55:40 INFO  ShopFront:140 - Customer Other has signed in.
2021-05-05 08:56:08 INFO  ShopFront:310 - Customer Other has logged out.
2021-05-05 09:01:30 INFO  ShopFront:236 - Manager Kevin has signed in.
2021-05-05 09:01:43 INFO  ShopFront:1073 - Manager Kevin hired new employee Kevin2
2021-05-05 09:01:49 INFO  ShopFront:1033 - Manager Kevin has logged out.
2021-05-05 11:58:10 INFO  ShopFront:104 - New customer Jon was added.
2021-05-05 11:58:18 INFO  ShopFront:140 - Customer Jon has signed in.
2021-05-05 11:58:52 INFO  ShopFront:407 - An offer for item 2 was made by user by id 3
2021-05-05 11:58:56 INFO  ShopFront:310 - Customer Jon has logged out.
2021-05-05 11:59:03 INFO  ShopFront:140 - Customer Other has signed in.
2021-05-05 11:59:25 INFO  ShopFront:407 - An offer for item 2 was made by user by id 2
2021-05-05 11:59:28 INFO  ShopFront:310 - Customer Other has logged out.
2021-05-05 11:59:35 INFO  ShopFront:188 - Employee Kemo has signed in.
2021-05-05 12:00:41 INFO  ShopFront:722 - Kemo added a new item: Excalibwr to the database.
2021-05-05 12:01:12 INFO  ShopFront:780 - Kemo made an update to item by id 7.
2021-05-05 12:01:32 INFO  ShopFront:658 - Employee Kemo has logged out.
2021-05-05 12:01:38 INFO  ShopFront:140 - Customer Other has signed in.
2021-05-05 12:02:02 INFO  ShopFront:509 - Customer 2 made a payment.
2021-05-05 12:02:23 INFO  ShopFront:310 - Customer Other has logged out.
2021-05-05 12:02:30 INFO  ShopFront:236 - Manager Kevin has signed in.
2021-05-05 12:02:45 INFO  ShopFront:1073 - Manager Kevin hired new employee Sarah
